IDNV_AGRL/Library/Bee/Android/Prj/IL2CPP/Gradle/launcher/build/intermediates/manifest_merge_blame_file/release/manifest-merger-blame-release-report.txt
1<?xml version="1.0" encoding="utf-8"?>
2<manifest xmlns:android="http://schemas.android.com/apk/res/android"
3    package="com.DefaultCompany.INDV_AGRL"
4    android:installLocation="preferExternal"
5    android:versionCode="1"
6    android:versionName="0.1" >
7
8    <uses-sdk
9        android:minSdkVersion="27"
9-->src/main/AndroidManifest.xml
10        android:targetSdkVersion="34" />
10-->src/main/AndroidManifest.xml
11
12    <supports-screens
12-->src/main/AndroidManifest.xml:3:3-163
13        android:anyDensity="true"
13-->src/main/AndroidManifest.xml:3:135-160
14        android:largeScreens="true"
14-->src/main/AndroidManifest.xml:3:78-105
15        android:normalScreens="true"
15-->src/main/AndroidManifest.xml:3:49-77
16        android:smallScreens="true"
16-->src/main/AndroidManifest.xml:3:21-48
17        android:xlargeScreens="true" />
17-->src/main/AndroidManifest.xml:3:106-134
18
19    <uses-feature android:glEsVersion="0x00030000" />
19-->[:unityLibrary] AndroidManifest.xml:12:5-54
19-->[:unityLibrary] AndroidManifest.xml:12:19-51
20
21    <uses-permission android:name="android.permission.INTERNET" />
21-->[:unityLibrary] AndroidManifest.xml:14:5-67
21-->[:unityLibrary] AndroidManifest.xml:14:22-64
22
23    <uses-feature
23-->[:unityLibrary] AndroidManifest.xml:16:5-18:36
24        android:name="android.hardware.touchscreen"
24-->[:unityLibrary] AndroidManifest.xml:17:9-52
25        android:required="false" />
25-->[:unityLibrary] AndroidManifest.xml:18:9-33
26    <uses-feature
26-->[:unityLibrary] AndroidManifest.xml:19:5-21:36
27        android:name="android.hardware.touchscreen.multitouch"
27-->[:unityLibrary] AndroidManifest.xml:20:9-63
28        android:required="false" />
28-->[:unityLibrary] AndroidManifest.xml:21:9-33
29    <uses-feature
29-->[:unityLibrary] AndroidManifest.xml:22:5-24:36
30        android:name="android.hardware.touchscreen.multitouch.distinct"
30-->[:unityLibrary] AndroidManifest.xml:23:9-72
31        android:required="false" />
31-->[:unityLibrary] AndroidManifest.xml:24:9-33
32
33    <uses-permission android:name="android.permission.CAMERA" />
33-->[:unityLibrary] AndroidManifest.xml:26:5-65
33-->[:unityLibrary] AndroidManifest.xml:26:22-62
34
35    <uses-feature
35-->[:unityLibrary] AndroidManifest.xml:28:5-30:35
36        android:name="android.hardware.camera.ar"
36-->[:unityLibrary] AndroidManifest.xml:29:9-50
37        android:required="true" />
37-->[:unityLibrary] AndroidManifest.xml:30:9-32
38    <uses-feature
38-->[:unityLibrary] AndroidManifest.xml:31:5-33:35
39        android:name="com.google.ar.core.depth"
39-->[:unityLibrary] AndroidManifest.xml:32:9-48
40        android:required="true" />
40-->[:unityLibrary] AndroidManifest.xml:33:9-32
41
42    <queries>
42-->[:arcore_client:] AndroidManifest.xml:29:5-31:15
43        <package android:name="com.google.ar.core" />
43-->[:arcore_client:] AndroidManifest.xml:30:9-54
43-->[:arcore_client:] AndroidManifest.xml:30:18-51
44    </queries>
45
46    <application
46-->src/main/AndroidManifest.xml:4:3-83
47        android:extractNativeLibs="true"
47-->[:unityLibrary] AndroidManifest.xml:35:18-50
48        android:icon="@mipmap/app_icon"
48-->src/main/AndroidManifest.xml:4:49-80
49        android:label="@string/app_name" >
49-->src/main/AndroidManifest.xml:4:16-48
50        <activity
50-->[:unityLibrary] AndroidManifest.xml:36:9-57:20
51            android:name="com.unity3d.player.UnityPlayerActivity"
51-->[:unityLibrary] AndroidManifest.xml:37:13-66
52            android:configChanges="mcc|mnc|locale|touchscreen|keyboard|keyboardHidden|navigation|orientation|screenLayout|uiMode|screenSize|smallestScreenSize|fontScale|layoutDirection|density"
52-->[:unityLibrary] AndroidManifest.xml:38:13-194
53            android:exported="true"
53-->[:unityLibrary] AndroidManifest.xml:39:13-36
54            android:hardwareAccelerated="false"
54-->[:unityLibrary] AndroidManifest.xml:40:13-48
55            android:launchMode="singleTask"
55-->[:unityLibrary] AndroidManifest.xml:41:13-44
56            android:resizeableActivity="false"
56-->[:unityLibrary] AndroidManifest.xml:42:13-47
57            android:screenOrientation="fullUser"
57-->[:unityLibrary] AndroidManifest.xml:43:13-49
58            android:theme="@style/UnityThemeSelector" >
58-->[:unityLibrary] AndroidManifest.xml:44:13-54
59            <intent-filter>
59-->[:unityLibrary] AndroidManifest.xml:45:13-49:29
60                <action android:name="android.intent.action.MAIN" />
60-->[:unityLibrary] AndroidManifest.xml:46:17-69
60-->[:unityLibrary] AndroidManifest.xml:46:25-66
61
62                <category android:name="android.intent.category.LAUNCHER" />
62-->[:unityLibrary] AndroidManifest.xml:48:17-77
62-->[:unityLibrary] AndroidManifest.xml:48:27-74
63            </intent-filter>
64
65            <meta-data
65-->[:unityLibrary] AndroidManifest.xml:51:13-53:40
66                android:name="unityplayer.UnityActivity"
66-->[:unityLibrary] AndroidManifest.xml:52:17-57
67                android:value="true" />
67-->[:unityLibrary] AndroidManifest.xml:53:17-37
68            <meta-data
68-->[:unityLibrary] AndroidManifest.xml:54:13-56:40
69                android:name="android.notch_support"
69-->[:unityLibrary] AndroidManifest.xml:55:17-53
70                android:value="true" />
70-->[:unityLibrary] AndroidManifest.xml:56:17-37
71        </activity>
72
73        <meta-data
73-->[:unityLibrary] AndroidManifest.xml:59:9-61:33
74            android:name="unity.splash-mode"
74-->[:unityLibrary] AndroidManifest.xml:60:13-45
75            android:value="0" />
75-->[:unityLibrary] AndroidManifest.xml:61:13-30
76        <meta-data
76-->[:unityLibrary] AndroidManifest.xml:62:9-64:36
77            android:name="unity.splash-enable"
77-->[:unityLibrary] AndroidManifest.xml:63:13-47
78            android:value="True" />
78-->[:unityLibrary] AndroidManifest.xml:64:13-33
79        <meta-data
79-->[:unityLibrary] AndroidManifest.xml:65:9-67:36
80            android:name="unity.launch-fullscreen"
80-->[:unityLibrary] AndroidManifest.xml:66:13-51
81            android:value="True" />
81-->[:unityLibrary] AndroidManifest.xml:67:13-33
82        <meta-data
82-->[:unityLibrary] AndroidManifest.xml:68:9-70:37
83            android:name="unity.allow-resizable-window"
83-->[:unityLibrary] AndroidManifest.xml:69:13-56
84            android:value="False" />
84-->[:unityLibrary] AndroidManifest.xml:70:13-34
85        <meta-data
85-->[:unityLibrary] AndroidManifest.xml:71:9-73:50
86            android:name="notch.config"
86-->[:unityLibrary] AndroidManifest.xml:72:13-40
87            android:value="portrait|landscape" />
87-->[:unityLibrary] AndroidManifest.xml:73:13-47
88        <meta-data
88-->[:unityLibrary] AndroidManifest.xml:74:9-76:36
89            android:name="unityplayer.SkipPermissionsDialog"
89-->[:unityLibrary] AndroidManifest.xml:75:13-61
90            android:value="true" />
90-->[:unityLibrary] AndroidManifest.xml:76:13-33
91        <meta-data
91-->[:unityLibrary] AndroidManifest.xml:77:9-79:40
92            android:name="com.google.ar.core"
92-->[:unityLibrary] AndroidManifest.xml:78:13-46
93            android:value="required" /> <!-- The minimal version code of ARCore APK required for an app using this SDK. -->
93-->[:unityLibrary] AndroidManifest.xml:79:13-37
94        <meta-data
94-->[:arcore_client:] AndroidManifest.xml:36:9-38:41
95            android:name="com.google.ar.core.min_apk_version"
95-->[:arcore_client:] AndroidManifest.xml:37:13-62
96            android:value="210910000" /> <!-- This activity is critical for installing ARCore when it is not already present. -->
96-->[:arcore_client:] AndroidManifest.xml:38:13-38
97        <activity
97-->[:arcore_client:] AndroidManifest.xml:40:9-46:80
98            android:name="com.google.ar.core.InstallActivity"
98-->[:arcore_client:] AndroidManifest.xml:41:13-62
99            android:configChanges="keyboardHidden|orientation|screenSize"
99-->[:arcore_client:] AndroidManifest.xml:42:13-74
100            android:excludeFromRecents="true"
100-->[:arcore_client:] AndroidManifest.xml:43:13-46
101            android:exported="false"
101-->[:arcore_client:] AndroidManifest.xml:44:13-37
102            android:launchMode="singleTop"
102-->[:arcore_client:] AndroidManifest.xml:45:13-43
103            android:theme="@android:style/Theme.Material.Light.Dialog.Alert" />
103-->[:arcore_client:] AndroidManifest.xml:46:13-77
104    </application>
105
106</manifest>